[debug] [2022-09-28T16:40:28.325Z] ----------------------------------------------------------------------
[debug] [2022-09-28T16:40:28.328Z] Command:       C:\Program Files\nodejs\node.exe C:\Users\jeffe\AppData\Roaming\npm\node_modules\firebase-tools\lib\bin\firebase.js init
[debug] [2022-09-28T16:40:28.329Z] CLI Version:   11.11.0
[debug] [2022-09-28T16:40:28.329Z] Platform:      win32
[debug] [2022-09-28T16:40:28.329Z] Node Version:  v16.17.0
[debug] [2022-09-28T16:40:28.331Z] Time:          Wed Sep 28 2022 13:40:28 GMT-0300 (Horário Padrão de Brasília)
[debug] [2022-09-28T16:40:28.331Z] ----------------------------------------------------------------------
[debug] 
[debug] [2022-09-28T16:40:28.342Z] > command requires scopes: ["email","openid","https://www.googleapis.com/auth/cloudplatformprojects.readonly","https://www.googleapis.com/auth/firebase","https://www.googleapis.com/auth/cloud-platform"]
[debug] [2022-09-28T16:40:28.342Z] > authorizing via signed-in user (jeffin18.e.n@gmail.com)
[info] 
     ######## #### ########  ######## ########     ###     ######  ########
     ##        ##  ##     ## ##       ##     ##  ##   ##  ##       ##
     ######    ##  ########  ######   ########  #########  ######  ######
     ##        ##  ##    ##  ##       ##     ## ##     ##       ## ##
     ##       #### ##     ## ######## ########  ##     ##  ######  ########

You're about to initialize a Firebase project in this directory:

  C:\xampp\htdocs\dating-app-mern\dating-app-frontend

Before we get started, keep in mind:

  * You are currently outside your home directory

[info] 
=== Project Setup
[info] 
[info] First, let's associate this project directory with a Firebase project.
[info] You can create multiple project aliases by running firebase use --add, 
[info] but for now we'll just set up a default project.
[info] 
[debug] [2022-09-28T16:42:21.395Z] > refreshing access token with scopes: []
[debug] [2022-09-28T16:42:21.400Z] >>> [apiv2][query] POST https://www.googleapis.com/oauth2/v3/token [none]
[debug] [2022-09-28T16:42:21.401Z] >>> [apiv2][body] POST https://www.googleapis.com/oauth2/v3/token [omitted]
[debug] [2022-09-28T16:42:21.771Z] <<< [apiv2][status] POST https://www.googleapis.com/oauth2/v3/token 200
[debug] [2022-09-28T16:42:21.771Z] <<< [apiv2][body] POST https://www.googleapis.com/oauth2/v3/token [omitted]
[debug] [2022-09-28T16:42:21.847Z] >>> [apiv2][query] GET https://firebase.googleapis.com/v1beta1/projects pageSize=100
[debug] [2022-09-28T16:42:23.065Z] <<< [apiv2][status] GET https://firebase.googleapis.com/v1beta1/projects 200
[debug] [2022-09-28T16:42:23.065Z] <<< [apiv2][body] GET https://firebase.googleapis.com/v1beta1/projects [omitted]
[info] i  Using project dating-app-mern-d76fa (dating-app-mern) 
[info] 
=== Hosting Setup
[info] 
[info] Your public directory is the folder (relative to your project directory) that
[info] will contain Hosting assets to be uploaded with firebase deploy. If you
[info] have a build process for your assets, use your build's output directory.
[info] 
[info] +  Wrote build/404.html 
[debug] [2022-09-28T16:44:56.870Z] >>> [apiv2][query] GET https://www.gstatic.com/firebasejs/releases.json [none]
[debug] [2022-09-28T16:44:56.995Z] <<< [apiv2][status] GET https://www.gstatic.com/firebasejs/releases.json 200
[debug] [2022-09-28T16:44:56.995Z] <<< [apiv2][body] GET https://www.gstatic.com/firebasejs/releases.json {"current":{"version":"9.10.0","browserURL":"https://www.gstatic.com/firebasejs/9.10.0/firebase.js","packageURL":"https://www.gstatic.com/firebasejs/9.10.0/firebase.tgz"},"live":{"version":"9.10","browserURL":"https://www.gstatic.com/firebasejs/live/9.10/firebase.js","packageURL":"https://www.gstatic.com/firebasejs/live/9.10/firebase.tgz"},"components":{"analytics":"https://www.gstatic.com/firebasejs/9.10.0/firebase-analytics.js","app":"https://www.gstatic.com/firebasejs/9.10.0/firebase-app.js","app-check":"https://www.gstatic.com/firebasejs/9.10.0/firebase-app-check.js","auth":"https://www.gstatic.com/firebasejs/9.10.0/firebase-auth.js","auth/cordova":"https://www.gstatic.com/firebasejs/9.10.0/firebase-auth/cordova.js","auth/react-native":"https://www.gstatic.com/firebasejs/9.10.0/firebase-auth/react-native.js","functions":"https://www.gstatic.com/firebasejs/9.10.0/firebase-functions.js","firestore":"https://www.gstatic.com/firebasejs/9.10.0/firebase-firestore.js","firestore/lite":"https://www.gstatic.com/firebasejs/9.10.0/firebase-firestore/lite.js","installations":"https://www.gstatic.com/firebasejs/9.10.0/firebase-installations.js","storage":"https://www.gstatic.com/firebasejs/9.10.0/firebase-storage.js","performance":"https://www.gstatic.com/firebasejs/9.10.0/firebase-performance.js","remote-config":"https://www.gstatic.com/firebasejs/9.10.0/firebase-remote-config.js","messaging":"https://www.gstatic.com/firebasejs/9.10.0/firebase-messaging.js","messaging/sw":"https://www.gstatic.com/firebasejs/9.10.0/firebase-messaging/sw.js","database":"https://www.gstatic.com/firebasejs/9.10.0/firebase-database.js","firestore.memory":"https://www.gstatic.com/firebasejs/9.10.0/firebase-firestore.memory.js"}}
[info] +  Wrote build/index.html 
[info] 
[info] i  Detected a .git folder at C:\xampp\htdocs\dating-app-mern 
[info] i  Authorizing with GitHub to upload your service account to a GitHub repository's secrets store. 
[info] 
[info] Visit this URL on this device to log in:
[info] https://github.com/login/oauth/authorize?client_id=89cf50f02ac6aaed3484&state=194346743&redirect_uri=http%3A%2F%2Flocalhost%3A9005&scope=read%3Auser%20repo%20public_repo
[info] 
[info] Waiting for authentication...
[debug] [2022-09-28T16:44:57.803Z] >>> [apiv2][query] POST https://github.com/login/oauth/access_token [none]
[debug] [2022-09-28T16:44:57.804Z] >>> [apiv2][body] POST https://github.com/login/oauth/access_token [stream]
[debug] [2022-09-28T16:44:58.079Z] <<< [apiv2][status] POST https://github.com/login/oauth/access_token 200
[debug] [2022-09-28T16:44:58.079Z] <<< [apiv2][body] POST https://github.com/login/oauth/access_token {"access_token":"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","token_type":"bearer","scope":"read:user,repo"}
[debug] [2022-09-28T16:44:58.093Z] >>> [apiv2][query] GET https://api.github.com/user [none]
[debug] [2022-09-28T16:44:58.403Z] <<< [apiv2][status] GET https://api.github.com/user 200
[debug] [2022-09-28T16:44:58.405Z] <<< [apiv2][body] GET https://api.github.com/user {"login":"jeffnoronha1","id":62403545,"node_id":"MDQ6VXNlcjYyNDAzNTQ1","avatar_url":"https://avatars.githubusercontent.com/u/62403545?v=4","gravatar_id":"","url":"https://api.github.com/users/jeffnoronha1","html_url":"https://github.com/jeffnoronha1","followers_url":"https://api.github.com/users/jeffnoronha1/followers","following_url":"https://api.github.com/users/jeffnoronha1/following{/other_user}","gists_url":"https://api.github.com/users/jeffnoronha1/gists{/gist_id}","starred_url":"https://api.github.com/users/jeffnoronha1/starred{/owner}{/repo}","subscriptions_url":"https://api.github.com/users/jeffnoronha1/subscriptions","organizations_url":"https://api.github.com/users/jeffnoronha1/orgs","repos_url":"https://api.github.com/users/jeffnoronha1/repos","events_url":"https://api.github.com/users/jeffnoronha1/events{/privacy}","received_events_url":"https://api.github.com/users/jeffnoronha1/received_events","type":"User","site_admin":false,"name":"Jefferson Noronha","company":null,"blog":"","location":"Aparecida de Goiânia - Goiás","email":null,"hireable":null,"bio":null,"twitter_username":null,"public_repos":11,"public_gists":0,"followers":0,"following":6,"created_at":"2020-03-19T20:42:17Z","updated_at":"2022-09-26T11:19:30Z","private_gists":0,"total_private_repos":4,"owned_private_repos":4,"disk_usage":127578,"collaborators":0,"two_factor_authentication":false,"plan":{"name":"free","space":976562499,"collaborators":0,"private_repos":10000}}
[info] 
[info] +  Success! Logged into GitHub as jeffnoronha1 
[info] 
[debug] [2022-09-28T16:46:20.039Z] >>> [apiv2][query] GET https://api.github.com/repos//actions/secrets/public-key type=owner
[debug] [2022-09-28T16:46:20.290Z] <<< [apiv2][status] GET https://api.github.com/repos//actions/secrets/public-key 404
[debug] [2022-09-28T16:46:20.290Z] <<< [apiv2][body] GET https://api.github.com/repos//actions/secrets/public-key {"message":"Not Found","documentation_url":"https://docs.github.com/rest"}
